IQ-TREE multicore version 2.2.2.7 COVID-edition for Linux 64-bit built Jun  7 2023
Developed by Bui Quang Minh, James Barbetti, Nguyen Lam Tung,
Olga Chernomor, Heiko Schmidt, Dominik Schrempf, Michael Woodhams, Ly Trong Nhan.

Host:    saccharopolyspora-test (AVX2, FMA3, 7 GB RAM)
Command: iqtree -s assets/data/Figure_6/msa/Erythreapeptin/core_BGC_concat_clean.fasta --redo
Seed:    707862 (Using SPRNG - Scalable Parallel Random Number Generator)
Time:    Mon Jun 12 04:18:18 2023
Kernel:  AVX+FMA - 1 threads (2 CPU cores detected)

HINT: Use -nt option to specify number of threads because your CPU has 2 cores!
HINT: -nt AUTO will automatically determine the best number of threads to use.

Reading alignment file assets/data/Figure_6/msa/Erythreapeptin/core_BGC_concat_clean.fasta ... Fasta format detected
Reading fasta file: done in 0.000557226 secs using 80.58% CPU
Alignment most likely contains protein sequences
Constructing alignment: done in 0.000633399 secs using 99.94% CPU
Alignment has 15 sequences with 889 columns, 390 distinct patterns
294 parsimony-informative, 87 singleton sites, 508 constant sites
                                Gap/Ambiguity  Composition  p-value
Analyzing sequences: done in 2.2151e-05 secs using 94.8% CPU
   1  NZ_CP061007.1.region035           0.79%    passed     98.99%
   2  NZ_PJNB01000001.1.region023       0.79%    passed     98.99%
   3  BGC0000513.region001              0.11%    passed    100.00%
   4  NZ_JACHIW010000001.1.region016    0.79%    passed     99.02%
   5  NZ_CP054839.1.region018           0.00%    passed    100.00%
   6  NZ_CP069353.1.region025           0.11%    passed    100.00%
   7  NZ_JACHIV010000001.1.region022    0.56%    passed     98.72%
   8  NC_009142.1.region024             0.11%    passed    100.00%
   9  NZ_GL877879.1.region013           0.79%    passed     98.99%
  10  NZ_PDBV01000001.1.region023       0.11%    passed    100.00%
  11  NZ_JABNNH010000001.1.region020    0.11%    passed    100.00%
  12  NZ_CP031142.1.region003           0.79%    passed     99.79%
  13  NZ_CP059557.1.region002           0.67%    passed     97.89%
  14  NZ_CP059556.1.region003           0.67%    passed     68.06%
  15  NZ_CP040605.1.region032           0.79%    passed     99.72%
****  TOTAL                             0.48%  0 sequences failed composition chi2 test (p-value<5%; df=19)
NOTE: NZ_PJNB01000001.1.region023 is identical to NZ_CP061007.1.region035 but kept for subsequent analysis
NOTE: NZ_CP069353.1.region025 is identical to BGC0000513.region001 but kept for subsequent analysis
Checking for duplicate sequences: done in 6.0352e-05 secs using 97.76% CPU
Identifying sites to remove: done in 0.000503827 secs using 72.45% CPU
NOTE: 4 identical sequences (see below) will be ignored for subsequent analysis
NOTE: NZ_GL877879.1.region013 (identical to NZ_CP061007.1.region035) is ignored but added at the end
NOTE: NC_009142.1.region024 (identical to BGC0000513.region001) is ignored but added at the end
NOTE: NZ_PDBV01000001.1.region023 (identical to BGC0000513.region001) is ignored but added at the end
NOTE: NZ_JABNNH010000001.1.region020 (identical to BGC0000513.region001) is ignored but added at the end
Alignment was printed to assets/data/Figure_6/msa/Erythreapeptin/core_BGC_concat_clean.fasta.uniqueseq.phy

For your convenience alignment with unique sequences printed to assets/data/Figure_6/msa/Erythreapeptin/core_BGC_concat_clean.fasta.uniqueseq.phy


Create initial parsimony tree by phylogenetic likelihood library (PLL)... 0.001 seconds
Perform fast likelihood tree search using LG+I+G model...
Estimate model parameters (epsilon = 5.000)
Perform nearest neighbor interchange...
Optimizing NNI: done in 0.0340924 secs using 99.99% CPU
Estimate model parameters (epsilon = 1.000)
1. Initial log-likelihood: -6649.226
Optimal log-likelihood: -6649.217
Proportion of invariable sites: 0.289
Gamma shape alpha: 1.027
Parameters optimization took 1 rounds (0.032 sec)
Time for fast ML tree search: 0.153 seconds

NOTE: ModelFinder requires 7 MB RAM!
ModelFinder will test up to 1232 protein models (sample size: 889) ...
 No. Model         -LnL         df  AIC          AICc         BIC
  1  LG            6812.784     19  13663.568    13664.443    13754.580
  2  LG+I          6665.460     20  13370.919    13371.887    13466.721
  3  LG+G4         6651.401     20  13342.803    13343.771    13438.605
  4  LG+I+G4       6649.209     21  13340.419    13341.484    13441.011
  5  LG+R2         6656.369     21  13354.738    13355.804    13455.330
  6  LG+R3         6654.175     23  13354.350    13355.626    13464.522
 14  LG+I+R2       6647.706     22  13339.413    13340.581    13444.795
 15  LG+I+R3       6645.191     24  13338.382    13339.771    13453.344
 25  LG+F+G4       6434.981     39  12947.962    12951.637    13134.776
 26  LG+F+I+G4     6432.886     40  12945.772    12949.640    13137.376
 36  LG+F+I+R2     6433.306     41  12948.613    12952.679    13145.007
 47  WAG+G4        6606.221     20  13252.443    13253.411    13348.245
 48  WAG+I+G4      6602.921     21  13247.841    13248.907    13348.433
 58  WAG+I+R2      6604.348     22  13252.697    13253.865    13358.079
 69  WAG+F+G4      6431.471     39  12940.942    12944.617    13127.756
 70  WAG+F+I+G4    6428.322     40  12936.643    12940.511    13128.247
 80  WAG+F+I+R2    6429.592     41  12941.184    12945.250    13137.578
 91  JTT+G4        6566.871     20  13173.741    13174.709    13269.543
 92  JTT+I+G4      6563.835     21  13169.669    13170.735    13270.261
102  JTT+I+R2      6565.640     22  13175.280    13176.448    13280.662
113  JTT+F+G4      6402.853     39  12883.706    12887.381    13070.520
114  JTT+F+I+G4    6399.871     40  12879.742    12883.610    13071.346
124  JTT+F+I+R2    6401.437     41  12884.873    12888.939    13081.267
WARNING: Normalizing state frequencies so that sum of them equals to 1
135  Q.pfam+G4     6612.192     20  13264.385    13265.352    13360.187
WARNING: Normalizing state frequencies so that sum of them equals to 1
136  Q.pfam+I+G4   6610.488     21  13262.976    13264.042    13363.568
WARNING: Normalizing state frequencies so that sum of them equals to 1
146  Q.pfam+I+R2   6612.368     22  13268.736    13269.904    13374.118
WARNING: Normalizing state frequencies so that sum of them equals to 1
157  Q.pfam+F+G4   6436.280     39  12950.560    12954.234    13137.373
WARNING: Normalizing state frequencies so that sum of them equals to 1
158  Q.pfam+F+I+G4 6434.621     40  12949.242    12953.110    13140.846
WARNING: Normalizing state frequencies so that sum of them equals to 1
168  Q.pfam+F+I+R2 6436.369     41  12954.738    12958.804    13151.132
WARNING: Normalizing state frequencies so that sum of them equals to 1
179  Q.bird+G4     6610.744     20  13261.489    13262.457    13357.291
WARNING: Normalizing state frequencies so that sum of them equals to 1
180  Q.bird+I+G4   6608.080     21  13258.161    13259.226    13358.753
WARNING: Normalizing state frequencies so that sum of them equals to 1
190  Q.bird+I+R2   6606.641     22  13257.281    13258.450    13362.663
WARNING: Normalizing state frequencies so that sum of them equals to 1
201  Q.bird+F+G4   6438.882     39  12955.765    12959.440    13142.579
WARNING: Normalizing state frequencies so that sum of them equals to 1
202  Q.bird+F+I+G4 6436.517     40  12953.034    12956.902    13144.638
WARNING: Normalizing state frequencies so that sum of them equals to 1
212  Q.bird+F+I+R2 6436.198     41  12954.396    12958.462    13150.790
WARNING: Normalizing state frequencies so that sum of them equals to 1
223  Q.mammal+G4   6602.215     20  13244.430    13245.398    13340.232
WARNING: Normalizing state frequencies so that sum of them equals to 1
224  Q.mammal+I+G4 6600.048     21  13242.097    13243.163    13342.689
WARNING: Normalizing state frequencies so that sum of them equals to 1
234  Q.mammal+I+R2 6599.642     22  13243.284    13244.453    13348.666
WARNING: Normalizing state frequencies so that sum of them equals to 1
245  Q.mammal+F+G4 6427.226     39  12932.453    12936.128    13119.267
WARNING: Normalizing state frequencies so that sum of them equals to 1
246  Q.mammal+F+I+G4 6425.344     40  12930.687    12934.555    13122.291
WARNING: Normalizing state frequencies so that sum of them equals to 1
256  Q.mammal+F+I+R2 6427.258     41  12936.517    12940.583    13132.911
267  Q.insect+G4   6745.936     20  13531.872    13532.840    13627.674
268  Q.insect+I+G4 6743.981     21  13529.961    13531.027    13630.553
278  Q.insect+I+R2 6746.189     22  13536.377    13537.546    13641.760
289  Q.insect+F+G4 6431.648     39  12941.297    12944.972    13128.110
290  Q.insect+F+I+G4 6429.369     40  12938.737    12942.605    13130.341
300  Q.insect+F+I+R2 6428.914     41  12939.827    12943.893    13136.221
WARNING: Normalizing state frequencies so that sum of them equals to 1
311  Q.plant+G4    6612.681     20  13265.361    13266.329    13361.163
WARNING: Normalizing state frequencies so that sum of them equals to 1
312  Q.plant+I+G4  6610.474     21  13262.949    13264.014    13363.541
WARNING: Normalizing state frequencies so that sum of them equals to 1
322  Q.plant+I+R2  6609.602     22  13263.203    13264.372    13368.585
WARNING: Normalizing state frequencies so that sum of them equals to 1
333  Q.plant+F+G4  6402.744     39  12883.489    12887.164    13070.303
WARNING: Normalizing state frequencies so that sum of them equals to 1
334  Q.plant+F+I+G4 6400.384     40  12880.768    12884.636    13072.371
WARNING: Normalizing state frequencies so that sum of them equals to 1
344  Q.plant+F+I+R2 6399.138     41  12880.276    12884.342    13076.670
WARNING: Normalizing state frequencies so that sum of them equals to 1
355  Q.yeast+G4    6778.209     20  13596.417    13597.385    13692.219
WARNING: Normalizing state frequencies so that sum of them equals to 1
356  Q.yeast+I+G4  6776.020     21  13594.040    13595.106    13694.632
WARNING: Normalizing state frequencies so that sum of them equals to 1
366  Q.yeast+I+R2  6774.634     22  13593.267    13594.436    13698.649
WARNING: Normalizing state frequencies so that sum of them equals to 1
377  Q.yeast+F+G4  6433.349     39  12944.699    12948.374    13131.512
WARNING: Normalizing state frequencies so that sum of them equals to 1
378  Q.yeast+F+I+G4 6431.106     40  12942.213    12946.081    13133.817
WARNING: Normalizing state frequencies so that sum of them equals to 1
388  Q.yeast+F+I+R2 6430.737     41  12943.474    12947.540    13139.868
399  JTTDCMut+G4   6569.121     20  13178.241    13179.209    13274.043
400  JTTDCMut+I+G4 6566.030     21  13174.060    13175.125    13274.652
410  JTTDCMut+I+R2 6567.857     22  13179.714    13180.883    13285.096
421  JTTDCMut+F+G4 6403.499     39  12884.998    12888.673    13071.812
422  JTTDCMut+F+I+G4 6400.506     40  12881.012    12884.880    13072.616
432  JTTDCMut+F+I+R2 6402.082     41  12886.164    12890.230    13082.558
443  DCMut+G4      6639.684     20  13319.368    13320.336    13415.170
444  DCMut+I+G4    6635.684     21  13313.367    13314.433    13413.959
454  DCMut+I+R2    6637.934     22  13319.869    13321.037    13425.251
465  DCMut+F+G4    6452.619     39  12983.238    12986.913    13170.052
466  DCMut+F+I+G4  6448.897     40  12977.794    12981.662    13169.398
476  DCMut+F+I+R2  6451.461     41  12984.922    12988.988    13181.316
487  VT+G4         6647.784     20  13335.569    13336.536    13431.370
488  VT+I+G4       6644.969     21  13331.938    13333.004    13432.530
498  VT+I+R2       6645.784     22  13335.567    13336.736    13440.949
509  VT+F+G4       6460.996     39  12999.992    13003.667    13186.805
510  VT+F+I+G4     6458.127     40  12996.255    13000.123    13187.859
520  VT+F+I+R2     6458.842     41  12999.683    13003.749    13196.077
531  PMB+G4        6714.955     20  13469.910    13470.878    13565.712
532  PMB+I+G4      6712.634     21  13467.268    13468.333    13567.860
542  PMB+I+R2      6713.438     22  13470.875    13472.044    13576.258
553  PMB+F+G4      6530.249     39  13138.497    13142.172    13325.311
554  PMB+F+I+G4    6527.860     40  13135.720    13139.588    13327.324
564  PMB+F+I+R2    6528.649     41  13139.297    13143.363    13335.691
575  Blosum62+G4   6734.277     20  13508.553    13509.521    13604.355
576  Blosum62+I+G4 6731.913     21  13505.825    13506.891    13606.417
586  Blosum62+I+R2 6733.183     22  13510.367    13511.535    13615.749
597  Blosum62+F+G4 6525.633     39  13129.267    13132.942    13316.081
598  Blosum62+F+I+G4 6523.198     40  13126.397    13130.265    13318.001
608  Blosum62+F+I+R2 6524.309     41  13130.619    13134.685    13327.013
619  Dayhoff+G4    6639.116     20  13318.232    13319.200    13414.034
620  Dayhoff+I+G4  6635.112     21  13312.224    13313.289    13412.816
630  Dayhoff+I+R2  6637.395     22  13318.790    13319.959    13424.173
641  Dayhoff+F+G4  6451.894     39  12981.788    12985.463    13168.602
642  Dayhoff+F+I+G4 6448.172     40  12976.344    12980.211    13167.947
652  Dayhoff+F+I+R2 6450.765     41  12983.531    12987.597    13179.925
663  mtREV+G4      7030.254     20  14100.508    14101.476    14196.310
664  mtREV+I+G4    7030.224     21  14102.447    14103.513    14203.039
674  mtREV+I+R2    7029.875     22  14103.749    14104.918    14209.132
685  mtREV+F+G4    6470.292     39  13018.583    13022.258    13205.397
686  mtREV+F+I+G4  6469.906     40  13019.811    13023.679    13211.415
696  mtREV+F+I+R2  6470.446     41  13022.892    13026.958    13219.286
707  mtART+G4      7232.531     20  14505.061    14506.029    14600.863
708  mtART+I+G4    7230.072     21  14502.144    14503.210    14602.736
718  mtART+I+R2    7231.580     22  14507.161    14508.329    14612.543
729  mtART+F+G4    6649.415     39  13376.831    13380.506    13563.645
730  mtART+F+I+G4  6646.622     40  13373.244    13377.112    13564.848
740  mtART+F+I+R2  6644.465     41  13370.929    13374.995    13567.323
751  mtZOA+G4      6977.915     20  13995.829    13996.797    14091.631
752  mtZOA+I+G4    6977.035     21  13996.071    13997.136    14096.663
762  mtZOA+I+R2    6975.587     22  13995.174    13996.342    14100.556
773  mtZOA+F+G4    6530.869     39  13139.738    13143.413    13326.551
774  mtZOA+F+I+G4  6529.264     40  13138.529    13142.397    13330.133
784  mtZOA+F+I+R2  6526.238     41  13134.475    13138.542    13330.869
795  mtMet+G4      7166.564     20  14373.128    14374.096    14468.930
796  mtMet+I+G4    7166.096     21  14374.192    14375.258    14474.784
806  mtMet+I+R2    7165.224     22  14374.447    14375.616    14479.829
817  mtMet+F+G4    6451.862     39  12981.724    12985.399    13168.538
818  mtMet+F+I+G4  6450.541     40  12981.083    12984.951    13172.687
828  mtMet+F+I+R2  6450.616     41  12983.232    12987.298    13179.626
839  mtVer+G4      7051.694     20  14143.389    14144.357    14239.191
840  mtVer+I+G4    7051.578     21  14145.156    14146.221    14245.748
850  mtVer+I+R2    7050.825     22  14145.651    14146.819    14251.033
861  mtVer+F+G4    6454.281     39  12986.563    12990.238    13173.377
862  mtVer+F+I+G4  6452.838     40  12985.677    12989.544    13177.280
872  mtVer+F+I+R2  6453.010     41  12988.020    12992.086    13184.414
883  mtInv+G4      7323.376     20  14686.752    14687.720    14782.554
884  mtInv+I+G4    7322.649     21  14687.299    14688.364    14787.891
894  mtInv+I+R2    7322.597     22  14689.194    14690.363    14794.576
905  mtInv+F+G4    6467.114     39  13012.228    13015.903    13199.042
906  mtInv+F+I+G4  6465.005     40  13010.009    13013.877    13201.613
916  mtInv+F+I+R2  6461.929     41  13005.857    13009.924    13202.251
927  mtMAM+G4      7113.050     20  14266.100    14267.067    14361.902
928  mtMAM+I+G4    7112.203     21  14266.407    14267.473    14366.999
938  mtMAM+I+R2    7113.931     22  14271.863    14273.031    14377.245
949  mtMAM+F+G4    6534.496     39  13146.993    13150.668    13333.806
950  mtMAM+F+I+G4  6533.497     40  13146.995    13150.863    13338.599
960  mtMAM+F+I+R2  6535.396     41  13152.791    13156.857    13349.185
WARNING: Normalizing state frequencies so that sum of them equals to 1
971  FLAVI+G4      6740.162     20  13520.323    13521.291    13616.125
WARNING: Normalizing state frequencies so that sum of them equals to 1
972  FLAVI+I+G4    6737.321     21  13516.641    13517.707    13617.233
WARNING: Normalizing state frequencies so that sum of them equals to 1
982  FLAVI+I+R2    6737.829     22  13519.658    13520.827    13625.041
WARNING: Normalizing state frequencies so that sum of them equals to 1
993  FLAVI+F+G4    6501.773     39  13081.545    13085.220    13268.359
WARNING: Normalizing state frequencies so that sum of them equals to 1
994  FLAVI+F+I+G4  6498.845     40  13077.690    13081.558    13269.294
WARNING: Normalizing state frequencies so that sum of them equals to 1
1004  FLAVI+F+I+R2  6498.553     41  13079.105    13083.172    13275.499
1015  HIVb+G4       6676.975     20  13393.951    13394.919    13489.753
1016  HIVb+I+G4     6673.604     21  13389.209    13390.275    13489.801
1026  HIVb+I+R2     6671.051     22  13386.103    13387.271    13491.485
1037  HIVb+F+G4     6455.705     39  12989.410    12993.085    13176.224
1038  HIVb+F+I+G4   6452.957     40  12985.913    12989.781    13177.517
1048  HIVb+F+I+R2   6455.780     41  12993.559    12997.626    13189.953
1059  HIVw+G4       6985.318     20  14010.636    14011.604    14106.438
1060  HIVw+I+G4     6979.821     21  14001.642    14002.707    14102.234
1070  HIVw+I+R2     6971.733     22  13987.467    13988.635    14092.849
1081  HIVw+F+G4     6573.844     39  13225.688    13229.363    13412.502
1082  HIVw+F+I+G4   6570.028     40  13220.056    13223.924    13411.660
1092  HIVw+F+I+R2   6566.327     41  13214.655    13218.721    13411.049
1103  FLU+G4        6776.925     20  13593.850    13594.818    13689.652
1104  FLU+I+G4      6773.713     21  13589.425    13590.491    13690.017
1114  FLU+I+R2      6770.258     22  13584.516    13585.685    13689.898
1125  FLU+F+G4      6434.669     39  12947.338    12951.013    13134.152
1126  FLU+F+I+G4    6432.836     40  12945.671    12949.539    13137.275
1136  FLU+F+I+R2    6435.035     41  12952.070    12956.136    13148.464
1147  rtREV+G4      6760.137     20  13560.275    13561.242    13656.076
1148  rtREV+I+G4    6757.946     21  13557.893    13558.959    13658.485
1158  rtREV+I+R2    6758.251     22  13560.502    13561.671    13665.884
1169  rtREV+F+G4    6474.358     39  13026.717    13030.392    13213.531
1170  rtREV+F+I+G4  6472.672     40  13025.343    13029.211    13216.947
1180  rtREV+F+I+R2  6474.212     41  13030.423    13034.489    13226.817
1191  cpREV+G4      6677.494     20  13394.987    13395.955    13490.789
1192  cpREV+I+G4    6674.609     21  13391.218    13392.284    13491.810
1202  cpREV+I+R2    6676.602     22  13397.205    13398.373    13502.587
1213  cpREV+F+G4    6440.637     39  12959.274    12962.949    13146.088
1214  cpREV+F+I+G4  6437.276     40  12954.553    12958.420    13146.156
1224  cpREV+F+I+R2  6439.223     41  12960.447    12964.513    13156.841
Akaike Information Criterion:           JTT+F+I+G4
Corrected Akaike Information Criterion: JTT+F+I+G4
Bayesian Information Criterion:         Q.plant+F+G4
Best-fit model: Q.plant+F+G4 chosen according to BIC

All model information printed to assets/data/Figure_6/msa/Erythreapeptin/core_BGC_concat_clean.fasta.model.gz
CPU time for ModelFinder: 28.971 seconds (0h:0m:28s)
Wall-clock time for ModelFinder: 29.013 seconds (0h:0m:29s)
WARNING: Normalizing state frequencies so that sum of them equals to 1

NOTE: 2 MB RAM (0 GB) is required!
Estimate model parameters (epsilon = 0.100)
1. Initial log-likelihood: -6402.744
Optimal log-likelihood: -6402.744
Gamma shape alpha: 0.436
Parameters optimization took 1 rounds (0.027 sec)
Wrote distance file to... 
Computing ML distances based on estimated model parameters...
Calculating distance matrix: done in 0.0149589 secs using 98.38% CPU
Computing ML distances took 0.015023 sec (of wall-clock time) 0.014785 sec (of CPU time)
Setting up auxiliary I and S matrices: done in 2.7451e-05 secs using 98.36% CPU
Constructing RapidNJ tree: done in 5.6886e-05 secs using 100.2% CPU
Computing RapidNJ tree took 0.000146 sec (of wall-clock time) 0.000290 sec (of CPU time)
Log-likelihood of RapidNJ tree: -6402.744
--------------------------------------------------------------------
|             INITIALIZING CANDIDATE TREE SET                      |
--------------------------------------------------------------------
Generating 99 parsimony trees... 0.054 second
Computing log-likelihood of 96 initial trees ... 0.820 seconds
Current best score: -6402.744

Do NNI search on 20 best initial trees
Optimizing NNI: done in 0.0352939 secs using 99.99% CPU
Estimate model parameters (epsilon = 0.100)
BETTER TREE FOUND at iteration 1: -6402.744
Optimizing NNI: done in 0.0582476 secs using 100% CPU
Optimizing NNI: done in 0.0745178 secs using 100% CPU
Optimizing NNI: done in 0.0742907 secs using 100% CPU
Optimizing NNI: done in 0.0583206 secs using 99.83% CPU
Optimizing NNI: done in 0.0581557 secs using 100% CPU
Optimizing NNI: done in 0.0575047 secs using 99.92% CPU
Optimizing NNI: done in 0.0748788 secs using 100% CPU
Optimizing NNI: done in 0.0663349 secs using 100% CPU
Optimizing NNI: done in 0.0735215 secs using 100% CPU
Iteration 10 / LogL: -6402.817 / Time: 0h:0m:1s
Optimizing NNI: done in 0.112287 secs using 100% CPU
Optimizing NNI: done in 0.0693093 secs using 99.99% CPU
Optimizing NNI: done in 0.069382 secs using 100% CPU
Optimizing NNI: done in 0.0667935 secs using 99.94% CPU
Optimizing NNI: done in 0.0663161 secs using 100% CPU
Optimizing NNI: done in 0.0712222 secs using 100% CPU
Optimizing NNI: done in 0.0733483 secs using 100% CPU
Optimizing NNI: done in 0.0731386 secs using 99.88% CPU
Optimizing NNI: done in 0.116622 secs using 99.97% CPU
Optimizing NNI: done in 0.0895322 secs using 100% CPU
Iteration 20 / LogL: -6402.969 / Time: 0h:0m:2s
Finish initializing candidate tree set (1)
Current best tree score: -6402.744 / CPU time: 2.401
Number of iterations: 20
--------------------------------------------------------------------
|               OPTIMIZING CANDIDATE TREE SET                      |
--------------------------------------------------------------------
Optimizing NNI: done in 0.0601815 secs using 100% CPU
Optimizing NNI: done in 0.113045 secs using 99.98% CPU
Optimizing NNI: done in 0.141645 secs using 99.96% CPU
Optimizing NNI: done in 0.0749556 secs using 100% CPU
Optimizing NNI: done in 0.09474 secs using 99.89% CPU
Optimizing NNI: done in 0.100013 secs using 100% CPU
Optimizing NNI: done in 0.113965 secs using 99.99% CPU
Optimizing NNI: done in 0.139306 secs using 99.99% CPU
Optimizing NNI: done in 0.184031 secs using 100% CPU
Optimizing NNI: done in 0.0730785 secs using 100% CPU
UPDATE BEST LOG-LIKELIHOOD: -6402.744
Iteration 30 / LogL: -6402.744 / Time: 0h:0m:3s (0h:0m:8s left)
Optimizing NNI: done in 0.154002 secs using 100% CPU
Optimizing NNI: done in 0.0714231 secs using 100% CPU
Optimizing NNI: done in 0.0716855 secs using 100% CPU
Optimizing NNI: done in 0.136197 secs using 99.98% CPU
Optimizing NNI: done in 0.0753634 secs using 100% CPU
Optimizing NNI: done in 0.112379 secs using 100% CPU
Optimizing NNI: done in 0.148666 secs using 100% CPU
Optimizing NNI: done in 0.0744652 secs using 100% CPU
Optimizing NNI: done in 0.150494 secs using 99.99% CPU
Optimizing NNI: done in 0.11434 secs using 100% CPU
Iteration 40 / LogL: -6402.990 / Time: 0h:0m:4s (0h:0m:7s left)
Optimizing NNI: done in 0.0922293 secs using 99.99% CPU
Optimizing NNI: done in 0.100494 secs using 99.97% CPU
Optimizing NNI: done in 0.0568221 secs using 99.99% CPU
Optimizing NNI: done in 0.0989827 secs using 100% CPU
Optimizing NNI: done in 0.140557 secs using 99.99% CPU
Optimizing NNI: done in 0.109357 secs using 99.99% CPU
Optimizing NNI: done in 0.0717401 secs using 100% CPU
Optimizing NNI: done in 0.0751803 secs using 99.92% CPU
Optimizing NNI: done in 0.0916534 secs using 100% CPU
Optimizing NNI: done in 0.113791 secs using 100% CPU
Iteration 50 / LogL: -6405.031 / Time: 0h:0m:5s (0h:0m:5s left)
Optimizing NNI: done in 0.211834 secs using 99.98% CPU
Optimizing NNI: done in 0.0752249 secs using 100% CPU
Optimizing NNI: done in 0.149455 secs using 100% CPU
Optimizing NNI: done in 0.100618 secs using 100% CPU
Optimizing NNI: done in 0.136843 secs using 100% CPU
Optimizing NNI: done in 0.118065 secs using 99.99% CPU
Optimizing NNI: done in 0.0759623 secs using 99.99% CPU
Optimizing NNI: done in 0.163783 secs using 99.98% CPU
Optimizing NNI: done in 0.0709338 secs using 99.93% CPU
Optimizing NNI: done in 0.109593 secs using 99.97% CPU
Iteration 60 / LogL: -6403.687 / Time: 0h:0m:6s (0h:0m:4s left)
Optimizing NNI: done in 0.149384 secs using 99.99% CPU
Optimizing NNI: done in 0.153732 secs using 100% CPU
Optimizing NNI: done in 0.101103 secs using 99.63% CPU
Optimizing NNI: done in 0.0757317 secs using 100% CPU
Optimizing NNI: done in 0.100982 secs using 100% CPU
Optimizing NNI: done in 0.165272 secs using 100% CPU
Optimizing NNI: done in 0.0724029 secs using 99.92% CPU
Optimizing NNI: done in 0.113917 secs using 100% CPU
Optimizing NNI: done in 0.0760651 secs using 99.94% CPU
Optimizing NNI: done in 0.102649 secs using 99.99% CPU
Iteration 70 / LogL: -6402.776 / Time: 0h:0m:8s (0h:0m:3s left)
Optimizing NNI: done in 0.113163 secs using 100% CPU
Optimizing NNI: done in 0.142173 secs using 100% CPU
Optimizing NNI: done in 0.112958 secs using 100% CPU
Optimizing NNI: done in 0.0745916 secs using 99.99% CPU
Optimizing NNI: done in 0.100489 secs using 99.99% CPU
Optimizing NNI: done in 0.106052 secs using 96.22% CPU
Optimizing NNI: done in 0.140282 secs using 100% CPU
Optimizing NNI: done in 0.117642 secs using 99.97% CPU
Optimizing NNI: done in 0.0712783 secs using 100% CPU
Optimizing NNI: done in 0.114004 secs using 99.99% CPU
Iteration 80 / LogL: -6403.554 / Time: 0h:0m:9s (0h:0m:2s left)
Optimizing NNI: done in 0.102106 secs using 99.91% CPU
Optimizing NNI: done in 0.0756987 secs using 100% CPU
Optimizing NNI: done in 0.136463 secs using 100% CPU
Optimizing NNI: done in 0.0721702 secs using 100% CPU
Optimizing NNI: done in 0.0724522 secs using 99.99% CPU
Optimizing NNI: done in 0.143 secs using 100% CPU
Optimizing NNI: done in 0.0767409 secs using 99.95% CPU
Optimizing NNI: done in 0.110109 secs using 99.99% CPU
Optimizing NNI: done in 0.105597 secs using 99.99% CPU
Optimizing NNI: done in 0.147611 secs using 99.99% CPU
Iteration 90 / LogL: -6406.735 / Time: 0h:0m:10s (0h:0m:1s left)
Optimizing NNI: done in 0.102024 secs using 96.08% CPU
Optimizing NNI: done in 0.137744 secs using 100% CPU
Optimizing NNI: done in 0.134065 secs using 99.99% CPU
Optimizing NNI: done in 0.104985 secs using 100% CPU
Optimizing NNI: done in 0.117298 secs using 100% CPU
Optimizing NNI: done in 0.105582 secs using 99.97% CPU
Optimizing NNI: done in 0.135186 secs using 100% CPU
Optimizing NNI: done in 0.0712799 secs using 99.99% CPU
Optimizing NNI: done in 0.110492 secs using 99.95% CPU
Optimizing NNI: done in 0.0747946 secs using 99.97% CPU
Iteration 100 / LogL: -6402.772 / Time: 0h:0m:11s (0h:0m:0s left)
Optimizing NNI: done in 0.100839 secs using 100% CPU
Optimizing NNI: done in 0.117762 secs using 100% CPU
TREE SEARCH COMPLETED AFTER 102 ITERATIONS / Time: 0h:0m:11s

--------------------------------------------------------------------
|                    FINALIZING TREE SEARCH                        |
--------------------------------------------------------------------
Performs final model parameters optimization
Estimate model parameters (epsilon = 0.010)
1. Initial log-likelihood: -6402.744
Optimal log-likelihood: -6402.744
Gamma shape alpha: 0.436
Parameters optimization took 1 rounds (0.042 sec)
BEST SCORE FOUND : -6402.744
Total tree length: 1.204

Total number of iterations: 102
CPU time used for tree search: 11.561 sec (0h:0m:11s)
Wall-clock time used for tree search: 11.580 sec (0h:0m:11s)
Total CPU time used: 11.703 sec (0h:0m:11s)
Total wall-clock time used: 11.715 sec (0h:0m:11s)

Analysis results written to: 
  IQ-TREE report:                assets/data/Figure_6/msa/Erythreapeptin/core_BGC_concat_clean.fasta.iqtree
  Maximum-likelihood tree:       assets/data/Figure_6/msa/Erythreapeptin/core_BGC_concat_clean.fasta.treefile
  Likelihood distances:          assets/data/Figure_6/msa/Erythreapeptin/core_BGC_concat_clean.fasta.mldist
  Screen log file:               assets/data/Figure_6/msa/Erythreapeptin/core_BGC_concat_clean.fasta.log

Date and Time: Mon Jun 12 04:18:59 2023
