IQ-TREE multicore version 2.2.2.7 COVID-edition for Linux 64-bit built Jun  7 2023
Developed by Bui Quang Minh, James Barbetti, Nguyen Lam Tung,
Olga Chernomor, Heiko Schmidt, Dominik Schrempf, Michael Woodhams, Ly Trong Nhan.

Host:    saccharopolyspora-test (AVX2, FMA3, 7 GB RAM)
Command: iqtree -s assets/data/Figure_S11/msa/Staphylobactin/core_BGC_concat_clean.fasta --redo
Seed:    255522 (Using SPRNG - Scalable Parallel Random Number Generator)
Time:    Mon Jun 12 14:34:01 2023
Kernel:  AVX+FMA - 1 threads (2 CPU cores detected)

HINT: Use -nt option to specify number of threads because your CPU has 2 cores!
HINT: -nt AUTO will automatically determine the best number of threads to use.

Reading alignment file assets/data/Figure_S11/msa/Staphylobactin/core_BGC_concat_clean.fasta ... Fasta format detected
Reading fasta file: done in 0.00157035 secs
Alignment most likely contains protein sequences
Constructing alignment: done in 0.00273116 secs
Alignment has 9 sequences with 3378 columns, 1385 distinct patterns
636 parsimony-informative, 1410 singleton sites, 1332 constant sites
                                Gap/Ambiguity  Composition  p-value
Analyzing sequences: done in 4.0345e-05 secs
   1  NZ_GL877881.1.region003           3.32%    passed     75.57%
   2  NZ_FOZX01000003.1.region003       3.82%    failed      0.52%
   3  BGC0000943.region001              3.05%    failed      0.00%
   4  NZ_CP040605.1.region017           3.35%    passed     88.87%
   5  NZ_CP031142.1.region007           3.35%    passed     93.13%
   6  NZ_JAGPXE010000002.1.region001    3.94%    passed     50.21%
   7  NZ_PJNB01000001.1.region028       3.35%    passed     76.16%
   8  NZ_JACHIW010000002.1.region002    3.61%    passed     90.26%
   9  NZ_CP061007.1.region003           3.35%    passed     76.92%
****  TOTAL                             3.46%  2 sequences failed composition chi2 test (p-value<5%; df=19)
Checking for duplicate sequences: done in 0.000135864 secs


Create initial parsimony tree by phylogenetic likelihood library (PLL)... 0.002 seconds
Perform fast likelihood tree search using LG+I+G model...
Estimate model parameters (epsilon = 5.000)
Perform nearest neighbor interchange...
Optimizing NNI: done in 0.0867799 secs using 100% CPU
Estimate model parameters (epsilon = 1.000)
1. Initial log-likelihood: -25910.863
2. Current log-likelihood: -25909.798
Optimal log-likelihood: -25908.771
Proportion of invariable sites: 0.167
Gamma shape alpha: 1.242
Parameters optimization took 2 rounds (0.203 sec)
Time for fast ML tree search: 0.598 seconds

NOTE: ModelFinder requires 19 MB RAM!
ModelFinder will test up to 1232 protein models (sample size: 3378) ...
 No. Model         -LnL         df  AIC          AICc         BIC
  1  LG            26311.234    15  52652.467    52652.610    52744.343
  2  LG+I          26013.211    16  52058.421    52058.583    52156.422
  3  LG+G4         25898.834    16  51829.669    51829.831    51927.670
  4  LG+I+G4       25901.940    17  51837.879    51838.062    51942.005
  5  LG+R2         25905.933    17  51845.866    51846.048    51949.992
  6  LG+R3         25871.085    19  51780.171    51780.397    51896.546
  7  LG+R4         25869.824    21  51781.648    51781.923    51910.274
 14  LG+I+R2       25870.591    18  51777.182    51777.386    51887.433
 15  LG+I+R3       25869.510    20  51779.020    51779.271    51901.521
 28  LG+F+R3       25640.943    38  51357.885    51358.773    51590.637
 36  LG+F+I+R2     25639.307    37  51352.614    51353.456    51579.240
 50  WAG+R3        25870.888    19  51779.777    51780.003    51896.152
 58  WAG+I+R2      25866.366    18  51768.732    51768.936    51878.983
 72  WAG+F+R3      25639.276    38  51354.552    51355.439    51587.303
 80  WAG+F+I+R2    25635.193    37  51344.387    51345.229    51571.013
 94  JTT+R3        25874.056    19  51786.112    51786.338    51902.487
102  JTT+I+R2      25869.690    18  51775.380    51775.583    51885.630
116  JTT+F+R3      25707.609    38  51491.218    51492.106    51723.970
124  JTT+F+I+R2    25703.619    37  51481.238    51482.080    51707.865
WARNING: Normalizing state frequencies so that sum of them equals to 1
138  Q.pfam+R3     25809.142    19  51656.284    51656.511    51772.660
WARNING: Normalizing state frequencies so that sum of them equals to 1
146  Q.pfam+I+R2   25809.022    18  51654.045    51654.248    51764.295
WARNING: Normalizing state frequencies so that sum of them equals to 1
160  Q.pfam+F+R3   25647.400    38  51370.799    51371.687    51603.551
WARNING: Normalizing state frequencies so that sum of them equals to 1
168  Q.pfam+F+I+R2 25646.509    37  51367.018    51367.860    51593.645
WARNING: Normalizing state frequencies so that sum of them equals to 1
182  Q.bird+R3     26125.448    19  52288.896    52289.123    52405.272
WARNING: Normalizing state frequencies so that sum of them equals to 1
190  Q.bird+I+R2   26121.551    18  52279.102    52279.306    52389.353
WARNING: Normalizing state frequencies so that sum of them equals to 1
204  Q.bird+F+R3   25976.585    38  52029.170    52030.058    52261.921
WARNING: Normalizing state frequencies so that sum of them equals to 1
212  Q.bird+F+I+R2 25975.637    37  52025.273    52026.115    52251.900
WARNING: Normalizing state frequencies so that sum of them equals to 1
226  Q.mammal+R3   26058.741    19  52155.482    52155.708    52271.858
WARNING: Normalizing state frequencies so that sum of them equals to 1
234  Q.mammal+I+R2 26056.193    18  52148.385    52148.589    52258.636
WARNING: Normalizing state frequencies so that sum of them equals to 1
248  Q.mammal+F+R3 25888.693    38  51853.387    51854.275    52086.138
WARNING: Normalizing state frequencies so that sum of them equals to 1
256  Q.mammal+F+I+R2 25888.402    37  51850.803    51851.645    52077.430
270  Q.insect+R3   26184.098    19  52406.196    52406.422    52522.572
278  Q.insect+I+R2 26184.647    18  52405.293    52405.497    52515.544
292  Q.insect+F+R3 25722.157    38  51520.313    51521.201    51753.065
300  Q.insect+F+I+R2 25720.467    37  51514.935    51515.777    51741.561
WARNING: Normalizing state frequencies so that sum of them equals to 1
314  Q.plant+R3    25982.680    19  52003.361    52003.587    52119.737
WARNING: Normalizing state frequencies so that sum of them equals to 1
322  Q.plant+I+R2  25980.779    18  51997.558    51997.761    52107.808
WARNING: Normalizing state frequencies so that sum of them equals to 1
336  Q.plant+F+R3  25747.593    38  51571.187    51572.075    51803.938
WARNING: Normalizing state frequencies so that sum of them equals to 1
344  Q.plant+F+I+R2 25748.222    37  51570.444    51571.286    51797.071
WARNING: Normalizing state frequencies so that sum of them equals to 1
358  Q.yeast+R3    26299.927    19  52637.854    52638.080    52754.230
WARNING: Normalizing state frequencies so that sum of them equals to 1
366  Q.yeast+I+R2  26302.211    18  52640.423    52640.626    52750.673
WARNING: Normalizing state frequencies so that sum of them equals to 1
380  Q.yeast+F+R3  25710.902    38  51497.804    51498.692    51730.555
WARNING: Normalizing state frequencies so that sum of them equals to 1
388  Q.yeast+F+I+R2 25710.246    37  51494.492    51495.334    51721.118
402  JTTDCMut+R3   25877.757    19  51793.515    51793.741    51909.890
410  JTTDCMut+I+R2 25873.031    18  51782.062    51782.266    51892.313
424  JTTDCMut+F+R3 25704.497    38  51484.994    51485.882    51717.746
432  JTTDCMut+F+I+R2 25700.369    37  51474.738    51475.580    51701.364
446  DCMut+R3      26167.438    19  52372.877    52373.103    52489.253
454  DCMut+I+R2    26162.129    18  52360.259    52360.462    52470.510
468  DCMut+F+R3    25823.357    38  51722.715    51723.603    51955.466
476  DCMut+F+I+R2  25819.656    37  51713.311    51714.153    51939.938
490  VT+R3         25918.044    19  51874.088    51874.314    51990.463
498  VT+I+R2       25914.345    18  51864.690    51864.893    51974.940
512  VT+F+R3       25709.206    38  51494.412    51495.300    51727.164
520  VT+F+I+R2     25704.952    37  51483.903    51484.745    51710.530
534  PMB+R3        26059.519    19  52157.038    52157.265    52273.414
542  PMB+I+R2      26056.277    18  52148.554    52148.758    52258.805
556  PMB+F+R3      25825.303    38  51726.606    51727.494    51959.358
564  PMB+F+I+R2    25821.341    37  51716.682    51717.524    51943.308
578  Blosum62+R3   26086.563    19  52211.126    52211.353    52327.502
586  Blosum62+I+R2 26083.629    18  52203.258    52203.461    52313.508
600  Blosum62+F+R3 25809.236    38  51694.473    51695.360    51927.224
608  Blosum62+F+I+R2 25805.004    37  51684.008    51684.850    51910.634
622  Dayhoff+R3    26163.685    19  52365.370    52365.596    52481.746
630  Dayhoff+I+R2  26158.410    18  52352.819    52353.023    52463.070
644  Dayhoff+F+R3  25819.531    38  51715.062    51715.949    51947.813
652  Dayhoff+F+I+R2 25815.867    37  51705.734    51706.576    51932.360
666  mtREV+R3      27600.007    19  55238.013    55238.239    55354.389
674  mtREV+I+R2    27601.504    18  55239.008    55239.212    55349.259
688  mtREV+F+R3    25957.644    38  51991.287    51992.175    52224.039
696  mtREV+F+I+R2  25959.117    37  51992.234    51993.076    52218.861
710  mtART+R3      28222.054    19  56482.109    56482.335    56598.485
718  mtART+I+R2    28181.449    18  56398.898    56399.102    56509.149
732  mtART+F+R3    26460.446    38  52996.892    52997.779    53229.643
740  mtART+F+I+R2  26438.046    37  52950.092    52950.934    53176.718
754  mtZOA+R3      27354.175    19  54746.350    54746.576    54862.725
762  mtZOA+I+R2    27367.022    18  54770.044    54770.248    54880.295
776  mtZOA+F+R3    26052.739    38  52181.478    52182.366    52414.229
784  mtZOA+F+I+R2  26064.551    37  52203.101    52203.943    52429.728
798  mtMet+R3      28034.603    19  56107.206    56107.432    56223.581
806  mtMet+I+R2    28049.272    18  56134.543    56134.747    56244.794
820  mtMet+F+R3    25972.595    38  52021.189    52022.077    52253.941
828  mtMet+F+I+R2  25978.836    37  52031.672    52032.514    52258.299
842  mtVer+R3      27814.842    19  55667.684    55667.910    55784.060
850  mtVer+I+R2    27824.638    18  55685.275    55685.479    55795.526
864  mtVer+F+R3    26082.906    38  52241.812    52242.699    52474.563
872  mtVer+F+I+R2  26084.200    37  52242.400    52243.242    52469.027
886  mtInv+R3      28457.638    19  56953.276    56953.503    57069.652
894  mtInv+I+R2    28474.994    18  56985.988    56986.191    57096.238
908  mtInv+F+R3    25894.182    38  51864.364    51865.252    52097.115
916  mtInv+F+I+R2  25904.568    37  51883.136    51883.978    52109.763
930  mtMAM+R3      28028.489    19  56094.978    56095.204    56211.353
938  mtMAM+I+R2    27982.045    18  56000.090    56000.294    56110.341
952  mtMAM+F+R3    26318.251    38  52712.501    52713.389    52945.253
960  mtMAM+F+I+R2  26292.607    37  52659.214    52660.056    52885.841
WARNING: Normalizing state frequencies so that sum of them equals to 1
974  FLAVI+R3      26659.332    19  53356.664    53356.890    53473.040
WARNING: Normalizing state frequencies so that sum of them equals to 1
982  FLAVI+I+R2    26650.732    18  53337.464    53337.668    53447.715
WARNING: Normalizing state frequencies so that sum of them equals to 1
996  FLAVI+F+R3    26260.299    38  52596.598    52597.486    52829.349
WARNING: Normalizing state frequencies so that sum of them equals to 1
1004  FLAVI+F+I+R2  26259.665    37  52593.331    52594.173    52819.957
1018  HIVb+R3       26313.892    19  52665.784    52666.010    52782.160
1026  HIVb+I+R2     26304.780    18  52645.561    52645.764    52755.811
1040  HIVb+F+R3     26036.251    38  52148.503    52149.390    52381.254
1048  HIVb+F+I+R2   26032.072    37  52138.144    52138.986    52364.771
1062  HIVw+R3       27402.496    19  54842.992    54843.218    54959.368
1070  HIVw+I+R2     27396.051    18  54828.102    54828.305    54938.352
1084  HIVw+F+R3     26426.752    38  52929.504    52930.391    53162.255
1092  HIVw+F+I+R2   26417.549    37  52909.097    52909.939    53135.724
1106  FLU+R3        26584.463    19  53206.926    53207.152    53323.301
1114  FLU+I+R2      26580.919    18  53197.839    53198.042    53308.089
1128  FLU+F+R3      25868.934    38  51813.868    51814.756    52046.619
1136  FLU+F+I+R2    25869.615    37  51813.231    51814.073    52039.857
1150  rtREV+R3      26188.579    19  52415.158    52415.384    52531.533
1158  rtREV+I+R2    26185.684    18  52407.369    52407.572    52517.620
1172  rtREV+F+R3    25736.410    38  51548.821    51549.708    51781.572
1180  rtREV+F+I+R2  25731.933    37  51537.867    51538.708    51764.493
1194  cpREV+R3      26052.998    19  52143.996    52144.222    52260.372
1202  cpREV+I+R2    26048.141    18  52132.283    52132.486    52242.533
1216  cpREV+F+R3    25680.868    38  51437.736    51438.624    51670.488
1224  cpREV+F+I+R2  25674.694    37  51423.388    51424.230    51650.014
Akaike Information Criterion:           WAG+F+I+R2
Corrected Akaike Information Criterion: WAG+F+I+R2
Bayesian Information Criterion:         WAG+F+I+R2
Best-fit model: WAG+F+I+R2 chosen according to BIC

All model information printed to assets/data/Figure_S11/msa/Staphylobactin/core_BGC_concat_clean.fasta.model.gz
CPU time for ModelFinder: 92.980 seconds (0h:1m:32s)
Wall-clock time for ModelFinder: 93.081 seconds (0h:1m:33s)

NOTE: 3 MB RAM (0 GB) is required!
Estimate model parameters (epsilon = 0.100)
1. Initial log-likelihood: -25635.193
Optimal log-likelihood: -25635.176
Proportion of invariable sites: 0.200
Site proportion and rates:  (0.680,0.711) (0.120,4.291)
Parameters optimization took 1 rounds (0.060 sec)
Wrote distance file to... 
Computing ML distances based on estimated model parameters...
Calculating distance matrix: done in 0.00927108 secs using 95.7% CPU
Computing ML distances took 0.009425 sec (of wall-clock time) 0.009031 sec (of CPU time)
Setting up auxiliary I and S matrices: done in 2.8873e-05 secs using 93.51% CPU
Constructing RapidNJ tree: done in 5.336e-05 secs using 99.33% CPU
Computing RapidNJ tree took 0.001428 sec (of wall-clock time) 0.000224 sec (of CPU time)
Log-likelihood of RapidNJ tree: -25635.179
--------------------------------------------------------------------
|             INITIALIZING CANDIDATE TREE SET                      |
--------------------------------------------------------------------
Generating 99 parsimony trees... 0.135 second
Computing log-likelihood of 79 initial trees ... 0.908 seconds
Current best score: -25635.176

Do NNI search on 20 best initial trees
Optimizing NNI: done in 0.0436485 secs using 99.99% CPU
Estimate model parameters (epsilon = 0.100)
BETTER TREE FOUND at iteration 1: -25635.163
Optimizing NNI: done in 0.0801957 secs using 99.99% CPU
Optimizing NNI: done in 0.0739269 secs using 100% CPU
Optimizing NNI: done in 0.0937959 secs using 100% CPU
Optimizing NNI: done in 0.0939055 secs using 100% CPU
Optimizing NNI: done in 0.0902214 secs using 99.95% CPU
Optimizing NNI: done in 0.0733889 secs using 100% CPU
Optimizing NNI: done in 0.0895761 secs using 100% CPU
Optimizing NNI: done in 0.0950971 secs using 100% CPU
Optimizing NNI: done in 0.139832 secs using 99.97% CPU
Iteration 10 / LogL: -25635.647 / Time: 0h:0m:2s
Optimizing NNI: done in 0.140555 secs using 99.97% CPU
Optimizing NNI: done in 0.0874824 secs using 99.98% CPU
Optimizing NNI: done in 0.0941216 secs using 99.99% CPU
Optimizing NNI: done in 0.0943465 secs using 100% CPU
Optimizing NNI: done in 0.0936697 secs using 100% CPU
Optimizing NNI: done in 0.0961655 secs using 99.95% CPU
Optimizing NNI: done in 0.0939744 secs using 100% CPU
Optimizing NNI: done in 0.0940057 secs using 100% CPU
Optimizing NNI: done in 0.0882885 secs using 100% CPU
Optimizing NNI: done in 0.136943 secs using 99.98% CPU
Iteration 20 / LogL: -25635.709 / Time: 0h:0m:3s
Finish initializing candidate tree set (1)
Current best tree score: -25635.163 / CPU time: 3.074
Number of iterations: 20
--------------------------------------------------------------------
|               OPTIMIZING CANDIDATE TREE SET                      |
--------------------------------------------------------------------
Optimizing NNI: done in 0.0871979 secs using 97.53% CPU
UPDATE BEST LOG-LIKELIHOOD: -25635.163
Optimizing NNI: done in 0.0949085 secs using 100% CPU
Optimizing NNI: done in 0.0962372 secs using 100% CPU
Optimizing NNI: done in 0.0793779 secs using 100% CPU
UPDATE BEST LOG-LIKELIHOOD: -25635.163
Optimizing NNI: done in 0.142948 secs using 99.97% CPU
Optimizing NNI: done in 0.0889596 secs using 100% CPU
Optimizing NNI: done in 0.152619 secs using 99.99% CPU
Optimizing NNI: done in 0.185856 secs using 99.99% CPU
Optimizing NNI: done in 0.105454 secs using 100% CPU
UPDATE BEST LOG-LIKELIHOOD: -25635.163
Optimizing NNI: done in 0.144021 secs using 99.99% CPU
Iteration 30 / LogL: -25638.036 / Time: 0h:0m:4s (0h:0m:10s left)
Optimizing NNI: done in 0.240179 secs using 99.91% CPU
Optimizing NNI: done in 0.096225 secs using 99.97% CPU
Optimizing NNI: done in 0.107337 secs using 99.97% CPU
UPDATE BEST LOG-LIKELIHOOD: -25635.163
Optimizing NNI: done in 0.141191 secs using 99.99% CPU
Optimizing NNI: done in 0.0885798 secs using 99.99% CPU
Optimizing NNI: done in 0.126866 secs using 99.99% CPU
Optimizing NNI: done in 0.0734418 secs using 99.97% CPU
Optimizing NNI: done in 0.145277 secs using 100% CPU
Optimizing NNI: done in 0.0727188 secs using 100% CPU
Optimizing NNI: done in 0.119367 secs using 100% CPU
Iteration 40 / LogL: -25638.222 / Time: 0h:0m:5s (0h:0m:8s left)
Optimizing NNI: done in 0.0961044 secs using 99.96% CPU
Optimizing NNI: done in 0.154373 secs using 99.98% CPU
Optimizing NNI: done in 0.143884 secs using 100% CPU
Optimizing NNI: done in 0.0803614 secs using 99.98% CPU
Optimizing NNI: done in 0.149618 secs using 99.99% CPU
Optimizing NNI: done in 0.147546 secs using 99.99% CPU
Optimizing NNI: done in 0.133541 secs using 100% CPU
Optimizing NNI: done in 0.0965276 secs using 99.99% CPU
Optimizing NNI: done in 0.141602 secs using 99.98% CPU
Optimizing NNI: done in 0.176723 secs using 99.99% CPU
Iteration 50 / LogL: -25638.653 / Time: 0h:0m:7s (0h:0m:7s left)
Optimizing NNI: done in 0.189195 secs using 99.99% CPU
Optimizing NNI: done in 0.0976315 secs using 99.98% CPU
UPDATE BEST LOG-LIKELIHOOD: -25635.163
Optimizing NNI: done in 0.0967202 secs using 100% CPU
Optimizing NNI: done in 0.144925 secs using 100% CPU
Optimizing NNI: done in 0.199966 secs using 99.97% CPU
Optimizing NNI: done in 0.181218 secs using 97.79% CPU
Optimizing NNI: done in 0.180928 secs using 99.99% CPU
Optimizing NNI: done in 0.14074 secs using 100% CPU
Optimizing NNI: done in 0.0970802 secs using 99.98% CPU
Optimizing NNI: done in 0.195164 secs using 99.99% CPU
Iteration 60 / LogL: -25635.902 / Time: 0h:0m:8s (0h:0m:6s left)
Optimizing NNI: done in 0.140741 secs using 99.98% CPU
Optimizing NNI: done in 0.189086 secs using 100% CPU
Optimizing NNI: done in 0.148854 secs using 99.99% CPU
Optimizing NNI: done in 0.134354 secs using 99.99% CPU
Optimizing NNI: done in 0.139972 secs using 99.98% CPU
Optimizing NNI: done in 0.149151 secs using 100% CPU
Optimizing NNI: done in 0.242863 secs using 99.98% CPU
Optimizing NNI: done in 0.13467 secs using 97.03% CPU
Optimizing NNI: done in 0.0979003 secs using 100% CPU
UPDATE BEST LOG-LIKELIHOOD: -25635.163
Optimizing NNI: done in 0.119025 secs using 99.99% CPU
Iteration 70 / LogL: -25636.362 / Time: 0h:0m:10s (0h:0m:4s left)
Optimizing NNI: done in 0.0967071 secs using 100% CPU
Optimizing NNI: done in 0.120722 secs using 100% CPU
Optimizing NNI: done in 0.149211 secs using 99.97% CPU
Optimizing NNI: done in 0.15837 secs using 99.96% CPU
Optimizing NNI: done in 0.164624 secs using 99.95% CPU
Optimizing NNI: done in 0.133932 secs using 100% CPU
Optimizing NNI: done in 0.239014 secs using 99.99% CPU
Optimizing NNI: done in 0.200057 secs using 99.99% CPU
Optimizing NNI: done in 0.26518 secs using 99.99% CPU
Optimizing NNI: done in 0.14984 secs using 97.31% CPU
Iteration 80 / LogL: -25639.435 / Time: 0h:0m:11s (0h:0m:3s left)
Optimizing NNI: done in 0.19669 secs using 100% CPU
Optimizing NNI: done in 0.2052 secs using 99.99% CPU
Optimizing NNI: done in 0.0966783 secs using 99.98% CPU
Optimizing NNI: done in 0.134468 secs using 99.99% CPU
Optimizing NNI: done in 0.119271 secs using 99.97% CPU
Optimizing NNI: done in 0.145059 secs using 99.98% CPU
Optimizing NNI: done in 0.173534 secs using 99.99% CPU
Optimizing NNI: done in 0.106655 secs using 100% CPU
Optimizing NNI: done in 0.105188 secs using 99.99% CPU
UPDATE BEST LOG-LIKELIHOOD: -25635.163
Optimizing NNI: done in 0.133129 secs using 99.98% CPU
Iteration 90 / LogL: -25635.520 / Time: 0h:0m:13s (0h:0m:1s left)
Optimizing NNI: done in 0.0877476 secs using 99.97% CPU
Optimizing NNI: done in 0.0994422 secs using 95.98% CPU
Optimizing NNI: done in 0.142915 secs using 100% CPU
Optimizing NNI: done in 0.142277 secs using 99.97% CPU
Optimizing NNI: done in 0.20181 secs using 100% CPU
Optimizing NNI: done in 0.151137 secs using 99.99% CPU
Optimizing NNI: done in 0.0965998 secs using 100% CPU
Optimizing NNI: done in 0.19974 secs using 99.99% CPU
Optimizing NNI: done in 0.0877079 secs using 100% CPU
Optimizing NNI: done in 0.0979355 secs using 100% CPU
Iteration 100 / LogL: -25635.168 / Time: 0h:0m:14s (0h:0m:0s left)
Optimizing NNI: done in 0.144424 secs using 99.96% CPU
Optimizing NNI: done in 0.196204 secs using 99.99% CPU
TREE SEARCH COMPLETED AFTER 102 ITERATIONS / Time: 0h:0m:15s

--------------------------------------------------------------------
|                    FINALIZING TREE SEARCH                        |
--------------------------------------------------------------------
Performs final model parameters optimization
Estimate model parameters (epsilon = 0.010)
1. Initial log-likelihood: -25635.163
Optimal log-likelihood: -25635.153
Proportion of invariable sites: 0.201
Site proportion and rates:  (0.680,0.715) (0.119,4.319)
Parameters optimization took 1 rounds (0.071 sec)
BEST SCORE FOUND : -25635.153
Total tree length: 2.154

Total number of iterations: 102
CPU time used for tree search: 14.843 sec (0h:0m:14s)
Wall-clock time used for tree search: 14.871 sec (0h:0m:14s)
Total CPU time used: 15.102 sec (0h:0m:15s)
Total wall-clock time used: 15.130 sec (0h:0m:15s)

Analysis results written to: 
  IQ-TREE report:                assets/data/Figure_S11/msa/Staphylobactin/core_BGC_concat_clean.fasta.iqtree
  Maximum-likelihood tree:       assets/data/Figure_S11/msa/Staphylobactin/core_BGC_concat_clean.fasta.treefile
  Likelihood distances:          assets/data/Figure_S11/msa/Staphylobactin/core_BGC_concat_clean.fasta.mldist
  Screen log file:               assets/data/Figure_S11/msa/Staphylobactin/core_BGC_concat_clean.fasta.log

Date and Time: Mon Jun 12 14:35:49 2023
