IQ-TREE multicore version 2.2.2.7 COVID-edition for Linux 64-bit built Jun  7 2023
Developed by Bui Quang Minh, James Barbetti, Nguyen Lam Tung,
Olga Chernomor, Heiko Schmidt, Dominik Schrempf, Michael Woodhams, Ly Trong Nhan.

Host:    saccharopolyspora-test (AVX2, FMA3, 7 GB RAM)
Command: iqtree -s assets/data/Figure_7/msa/TIGR03997_with_reference/core_BGC_concat_clean.fasta --redo
Seed:    579932 (Using SPRNG - Scalable Parallel Random Number Generator)
Time:    Mon Jun 12 06:15:40 2023
Kernel:  AVX+FMA - 1 threads (2 CPU cores detected)

HINT: Use -nt option to specify number of threads because your CPU has 2 cores!
HINT: -nt AUTO will automatically determine the best number of threads to use.

Reading alignment file assets/data/Figure_7/msa/TIGR03997_with_reference/core_BGC_concat_clean.fasta ... Fasta format detected
Reading fasta file: done in 0.000331588 secs using 99.82% CPU
Alignment most likely contains protein sequences
Constructing alignment: done in 0.00121079 secs using 41.21% CPU
Alignment has 18 sequences with 540 columns, 421 distinct patterns
287 parsimony-informative, 114 singleton sites, 139 constant sites
                                Gap/Ambiguity  Composition  p-value
Analyzing sequences: done in 2.8643e-05 secs using 97.76% CPU
   1  NZ_JACCFJ010000001.1.region004    1.30%    passed     83.17%
   2  NZ_FOUP01000002.1.region003       2.41%    passed    100.00%
   3  NZ_JACHIW010000001.1.region012    2.78%    passed     96.85%
   4  NZ_JAGPXE010000009.1.region001    2.22%    passed     97.97%
   5  NZ_RSAA01000007.1.region002       2.41%    passed     99.76%
   6  NZ_VWPH01000016.1.region001       1.48%    passed     94.07%
   7  NZ_CP040605.1.region009           2.96%    passed    100.00%
   8  NZ_GL877879.1.region006           3.33%    passed     99.98%
   9  NZ_RBXX01000002.1.region007       2.41%    passed    100.00%
  10  NZ_VIWX01000001.1.region007       2.04%    passed    100.00%
  11  NZ_FOZX01000004.1.region002       1.48%    passed     99.94%
  12  NZ_JADDUE010000010.1.region001    4.63%    passed     61.78%
  13  NC_000962.3.region003             7.04%    failed      0.27%
  14  NZ_FNVB01000002.1.region005       2.41%    passed     99.99%
  15  NZ_FOME01000001.1.region002       2.41%    passed     99.99%
  16  NZ_CP059556.1.region007           7.04%    passed     14.62%
  17  NZ_CP061007.1.region011           3.33%    passed     99.98%
  18  NZ_CP031142.1.region031           2.96%    passed     99.98%
****  TOTAL                             3.03%  1 sequences failed composition chi2 test (p-value<5%; df=19)
NOTE: NZ_RBXX01000002.1.region007 is identical to NZ_FOUP01000002.1.region003 but kept for subsequent analysis
NOTE: NZ_CP061007.1.region011 is identical to NZ_GL877879.1.region006 but kept for subsequent analysis
NOTE: NZ_FOME01000001.1.region002 is identical to NZ_FNVB01000002.1.region005 but kept for subsequent analysis
Checking for duplicate sequences: done in 0.00117027 secs using 6.409% CPU


Create initial parsimony tree by phylogenetic likelihood library (PLL)... 0.002 seconds
Perform fast likelihood tree search using LG+I+G model...
Estimate model parameters (epsilon = 5.000)
Perform nearest neighbor interchange...
Optimizing NNI: done in 0.126545 secs using 99.98% CPU
Estimate model parameters (epsilon = 1.000)
1. Initial log-likelihood: -7499.717
Optimal log-likelihood: -7499.377
Proportion of invariable sites: 0.100
Gamma shape alpha: 1.108
Parameters optimization took 1 rounds (0.109 sec)
Time for fast ML tree search: 0.460 seconds

NOTE: ModelFinder requires 12 MB RAM!
ModelFinder will test up to 1232 protein models (sample size: 540) ...
 No. Model         -LnL         df  AIC          AICc         BIC
  1  LG            7725.045     33  15516.090    15520.525    15657.712
  2  LG+I          7607.192     34  15282.384    15287.097    15428.297
  3  LG+G4         7498.530     34  15065.060    15069.773    15210.973
  4  LG+I+G4       7498.887     35  15067.775    15072.775    15217.979
  5  LG+R2         7514.319     35  15098.638    15103.638    15248.843
  6  LG+R3         7491.049     37  15056.098    15061.700    15214.886
  7  LG+R4         7490.428     39  15058.857    15065.097    15226.228
 14  LG+I+R2       7503.296     36  15078.592    15083.889    15233.089
 15  LG+I+R3       7490.520     38  15057.041    15062.957    15220.120
 16  LG+I+R4       7490.444     40  15060.887    15067.460    15232.550
 25  LG+F+G4       7238.197     53  14582.395    14594.172    14809.848
 26  LG+F+I+G4     7238.434     54  14584.867    14597.115    14816.612
 28  LG+F+R3       7231.307     56  14574.613    14587.831    14814.941
 37  LG+F+I+R3     7231.113     57  14576.226    14589.944    14820.845
 47  WAG+G4        7497.183     34  15062.367    15067.080    15208.280
 48  WAG+I+G4      7497.310     35  15064.620    15069.620    15214.825
 50  WAG+R3        7490.951     37  15055.903    15061.504    15214.691
 59  WAG+I+R3      7490.460     38  15056.919    15062.835    15219.999
 69  WAG+F+G4      7285.437     53  14676.874    14688.652    14904.328
 70  WAG+F+I+G4    7285.601     54  14679.203    14691.450    14910.948
 72  WAG+F+R3      7279.427     56  14670.855    14684.072    14911.183
 81  WAG+F+I+R3    7279.147     57  14672.294    14686.012    14916.914
 91  JTT+G4        7494.005     34  15056.010    15060.723    15201.923
 92  JTT+I+G4      7494.058     35  15058.115    15063.115    15208.320
 94  JTT+R3        7487.246     37  15048.491    15054.093    15207.279
103  JTT+I+R3      7486.110     38  15048.219    15054.136    15211.299
113  JTT+F+G4      7309.505     53  14725.011    14736.789    14952.464
114  JTT+F+I+G4    7309.491     54  14726.982    14739.229    14958.727
116  JTT+F+R3      7303.445     56  14718.889    14732.107    14959.217
125  JTT+F+I+R3    7302.220     57  14718.441    14732.158    14963.060
WARNING: Normalizing state frequencies so that sum of them equals to 1
135  Q.pfam+G4     7456.703     34  14981.405    14986.118    15127.319
WARNING: Normalizing state frequencies so that sum of them equals to 1
136  Q.pfam+I+G4   7456.979     35  14983.957    14988.957    15134.162
WARNING: Normalizing state frequencies so that sum of them equals to 1
138  Q.pfam+R3     7448.678     37  14971.355    14976.957    15130.143
WARNING: Normalizing state frequencies so that sum of them equals to 1
147  Q.pfam+I+R3   7447.842     38  14971.685    14977.601    15134.764
WARNING: Normalizing state frequencies so that sum of them equals to 1
157  Q.pfam+F+G4   7241.461     53  14588.921    14600.699    14816.375
WARNING: Normalizing state frequencies so that sum of them equals to 1
158  Q.pfam+F+I+G4 7241.701     54  14591.403    14603.650    14823.147
WARNING: Normalizing state frequencies so that sum of them equals to 1
160  Q.pfam+F+R3   7234.045     56  14580.089    14593.306    14820.417
WARNING: Normalizing state frequencies so that sum of them equals to 1
169  Q.pfam+F+I+R3 7233.770     57  14581.540    14595.258    14826.159
WARNING: Normalizing state frequencies so that sum of them equals to 1
179  Q.bird+G4     7574.248     34  15216.496    15221.208    15362.409
WARNING: Normalizing state frequencies so that sum of them equals to 1
180  Q.bird+I+G4   7573.931     35  15217.862    15222.862    15368.067
WARNING: Normalizing state frequencies so that sum of them equals to 1
182  Q.bird+R3     7563.321     37  15200.641    15206.243    15359.429
WARNING: Normalizing state frequencies so that sum of them equals to 1
191  Q.bird+I+R3   7561.960     38  15199.921    15205.837    15363.000
WARNING: Normalizing state frequencies so that sum of them equals to 1
201  Q.bird+F+G4   7392.909     53  14891.817    14903.595    15119.271
WARNING: Normalizing state frequencies so that sum of them equals to 1
202  Q.bird+F+I+G4 7392.670     54  14893.341    14905.588    15125.086
WARNING: Normalizing state frequencies so that sum of them equals to 1
204  Q.bird+F+R3   7385.393     56  14882.786    14896.004    15123.114
WARNING: Normalizing state frequencies so that sum of them equals to 1
213  Q.bird+F+I+R3 7383.679     57  14881.357    14895.075    15125.977
WARNING: Normalizing state frequencies so that sum of them equals to 1
223  Q.mammal+G4   7538.941     34  15145.882    15150.595    15291.795
WARNING: Normalizing state frequencies so that sum of them equals to 1
224  Q.mammal+I+G4 7538.791     35  15147.582    15152.582    15297.787
WARNING: Normalizing state frequencies so that sum of them equals to 1
226  Q.mammal+R3   7528.295     37  15130.590    15136.192    15289.378
WARNING: Normalizing state frequencies so that sum of them equals to 1
235  Q.mammal+I+R3 7526.789     38  15129.578    15135.494    15292.658
WARNING: Normalizing state frequencies so that sum of them equals to 1
245  Q.mammal+F+G4 7357.485     53  14820.971    14832.749    15048.424
WARNING: Normalizing state frequencies so that sum of them equals to 1
246  Q.mammal+F+I+G4 7357.490     54  14822.981    14835.228    15054.725
WARNING: Normalizing state frequencies so that sum of them equals to 1
248  Q.mammal+F+R3 7350.113     56  14812.225    14825.443    15052.553
WARNING: Normalizing state frequencies so that sum of them equals to 1
257  Q.mammal+F+I+R3 7348.517     57  14811.034    14824.752    15055.654
267  Q.insect+G4   7615.086     34  15298.173    15302.886    15444.086
268  Q.insect+I+G4 7614.992     35  15299.984    15304.984    15450.189
270  Q.insect+R3   7605.123     37  15284.246    15289.847    15443.034
279  Q.insect+I+R3 7604.123     38  15284.246    15290.162    15447.325
289  Q.insect+F+G4 7271.703     53  14649.407    14661.184    14876.860
290  Q.insect+F+I+G4 7271.814     54  14651.628    14663.876    14883.373
292  Q.insect+F+R3 7265.968     56  14643.935    14657.153    14884.263
301  Q.insect+F+I+R3 7264.902     57  14643.803    14657.521    14888.422
WARNING: Normalizing state frequencies so that sum of them equals to 1
311  Q.plant+G4    7534.450     34  15136.900    15141.613    15282.813
WARNING: Normalizing state frequencies so that sum of them equals to 1
312  Q.plant+I+G4  7534.111     35  15138.222    15143.222    15288.427
WARNING: Normalizing state frequencies so that sum of them equals to 1
314  Q.plant+R3    7525.196     37  15124.392    15129.993    15283.180
WARNING: Normalizing state frequencies so that sum of them equals to 1
323  Q.plant+I+R3  7523.444     38  15122.887    15128.804    15285.967
WARNING: Normalizing state frequencies so that sum of them equals to 1
333  Q.plant+F+G4  7280.957     53  14667.915    14679.692    14895.368
WARNING: Normalizing state frequencies so that sum of them equals to 1
334  Q.plant+F+I+G4 7280.742     54  14669.484    14681.732    14901.229
WARNING: Normalizing state frequencies so that sum of them equals to 1
336  Q.plant+F+R3  7274.193     56  14660.385    14673.603    14900.713
WARNING: Normalizing state frequencies so that sum of them equals to 1
345  Q.plant+F+I+R3 7272.708     57  14659.416    14673.134    14904.036
WARNING: Normalizing state frequencies so that sum of them equals to 1
355  Q.yeast+G4    7656.600     34  15381.199    15385.912    15527.113
WARNING: Normalizing state frequencies so that sum of them equals to 1
356  Q.yeast+I+G4  7656.703     35  15383.405    15388.405    15533.610
WARNING: Normalizing state frequencies so that sum of them equals to 1
358  Q.yeast+R3    7646.781     37  15367.562    15373.164    15526.350
WARNING: Normalizing state frequencies so that sum of them equals to 1
367  Q.yeast+I+R3  7645.678     38  15367.355    15373.271    15530.435
WARNING: Normalizing state frequencies so that sum of them equals to 1
377  Q.yeast+F+G4  7251.142     53  14608.284    14620.062    14835.737
WARNING: Normalizing state frequencies so that sum of them equals to 1
378  Q.yeast+F+I+G4 7251.344     54  14610.687    14622.935    14842.432
WARNING: Normalizing state frequencies so that sum of them equals to 1
380  Q.yeast+F+R3  7245.036     56  14602.073    14615.290    14842.401
WARNING: Normalizing state frequencies so that sum of them equals to 1
389  Q.yeast+F+I+R3 7244.203     57  14602.405    14616.123    14847.025
399  JTTDCMut+G4   7496.890     34  15061.779    15066.492    15207.692
400  JTTDCMut+I+G4 7496.917     35  15063.833    15068.833    15214.038
402  JTTDCMut+R3   7490.257     37  15054.515    15060.116    15213.303
411  JTTDCMut+I+R3 7489.160     38  15054.320    15060.236    15217.400
421  JTTDCMut+F+G4 7309.529     53  14725.058    14736.836    14952.511
422  JTTDCMut+F+I+G4 7309.494     54  14726.989    14739.236    14958.733
424  JTTDCMut+F+R3 7303.467     56  14718.934    14732.151    14959.262
433  JTTDCMut+F+I+R3 7302.283     57  14718.566    14732.284    14963.186
443  DCMut+G4      7564.982     34  15197.963    15202.676    15343.876
444  DCMut+I+G4    7563.941     35  15197.882    15202.882    15348.087
446  DCMut+R3      7558.481     37  15190.963    15196.564    15349.751
455  DCMut+I+R3    7556.113     38  15188.227    15194.143    15351.306
465  DCMut+F+G4    7347.419     53  14800.838    14812.615    15028.291
466  DCMut+F+I+G4  7346.823     54  14801.647    14813.894    15033.392
468  DCMut+F+R3    7341.385     56  14794.769    14807.986    15035.097
477  DCMut+F+I+R3  7339.696     57  14793.392    14807.110    15038.011
487  VT+G4         7526.106     34  15120.212    15124.925    15266.126
488  VT+I+G4       7526.206     35  15122.412    15127.412    15272.617
490  VT+R3         7519.415     37  15112.830    15118.432    15271.618
499  VT+I+R3       7518.752     38  15113.504    15119.420    15276.584
509  VT+F+G4       7306.275     53  14718.549    14730.327    14946.002
510  VT+F+I+G4     7306.359     54  14720.718    14732.965    14952.463
512  VT+F+R3       7300.367     56  14712.734    14725.952    14953.062
521  VT+F+I+R3     7299.827     57  14713.655    14727.372    14958.274
531  PMB+G4        7573.454     34  15214.908    15219.621    15360.822
532  PMB+I+G4      7573.828     35  15217.656    15222.656    15367.861
534  PMB+R3        7566.298     37  15206.596    15212.198    15365.384
543  PMB+I+R3      7565.591     38  15207.181    15213.098    15370.261
553  PMB+F+G4      7370.736     53  14847.472    14859.249    15074.925
554  PMB+F+I+G4    7370.998     54  14849.996    14862.244    15081.741
556  PMB+F+R3      7363.913     56  14839.825    14853.043    15080.153
565  PMB+F+I+R3    7363.731     57  14841.462    14855.180    15086.082
575  Blosum62+G4   7598.777     34  15265.553    15270.266    15411.466
576  Blosum62+I+G4 7599.132     35  15268.264    15273.264    15418.469
578  Blosum62+R3   7590.941     37  15255.882    15261.484    15414.670
587  Blosum62+I+R3 7590.775     38  15257.549    15263.466    15420.629
597  Blosum62+F+G4 7356.209     53  14818.417    14830.195    15045.870
598  Blosum62+F+I+G4 7356.521     54  14821.042    14833.289    15052.787
600  Blosum62+F+R3 7348.845     56  14809.689    14822.906    15050.017
609  Blosum62+F+I+R3 7348.928     57  14811.856    14825.574    15056.476
619  Dayhoff+G4    7564.171     34  15196.343    15201.056    15342.256
620  Dayhoff+I+G4  7563.146     35  15196.292    15201.292    15346.497
622  Dayhoff+R3    7557.640     37  15189.280    15194.881    15348.068
631  Dayhoff+I+R3  7555.314     38  15186.628    15192.544    15349.707
641  Dayhoff+F+G4  7346.478     53  14798.956    14810.734    15026.409
642  Dayhoff+F+I+G4 7345.897     54  14799.794    14812.041    15031.538
644  Dayhoff+F+R3  7340.475     56  14792.949    14806.167    15033.277
653  Dayhoff+F+I+R3 7338.802     57  14791.605    14805.323    15036.224
663  mtREV+G4      7995.207     34  16058.414    16063.127    16204.327
664  mtREV+I+G4    7995.469     35  16060.939    16065.939    16211.143
666  mtREV+R3      7989.222     37  16052.444    16058.046    16211.232
675  mtREV+I+R3    7988.500     38  16053.000    16058.916    16216.079
685  mtREV+F+G4    7329.657     53  14765.313    14777.091    14992.766
686  mtREV+F+I+G4  7330.002     54  14768.004    14780.251    14999.748
688  mtREV+F+R3    7322.614     56  14757.228    14770.445    14997.556
697  mtREV+F+I+R3  7323.266     57  14760.531    14774.249    15005.151
707  mtART+G4      8222.107     34  16512.214    16516.927    16658.128
708  mtART+I+G4    8223.154     35  16516.309    16521.309    16666.513
710  mtART+R3      8233.392     37  16540.785    16546.386    16699.573
719  mtART+I+R3    8215.720     38  16507.440    16513.356    16670.520
729  mtART+F+G4    7507.314     53  15120.628    15132.406    15348.081
730  mtART+F+I+G4  7508.197     54  15124.394    15136.641    15356.138
732  mtART+F+R3    7524.025     56  15160.051    15173.268    15400.378
741  mtART+F+I+R3  7507.010     57  15128.020    15141.737    15372.639
751  mtZOA+G4      7883.045     34  15834.090    15838.803    15980.004
752  mtZOA+I+G4    7883.642     35  15837.283    15842.283    15987.488
754  mtZOA+R3      7876.165     37  15826.331    15831.932    15985.119
763  mtZOA+I+R3    7874.118     38  15824.235    15830.152    15987.315
773  mtZOA+F+G4    7351.476     53  14808.951    14820.729    15036.404
774  mtZOA+F+I+G4  7352.027     54  14812.053    14824.301    15043.798
776  mtZOA+F+R3    7345.340     56  14802.679    14815.897    15043.007
785  mtZOA+F+I+R3  7344.982     57  14803.964    14817.682    15048.583
795  mtMet+G4      8142.813     34  16353.626    16358.339    16499.539
796  mtMet+I+G4    8142.791     35  16355.581    16360.581    16505.786
798  mtMet+R3      8133.831     37  16341.663    16347.264    16500.451
807  mtMet+I+R3    8132.787     38  16341.574    16347.490    16504.654
817  mtMet+F+G4    7332.332     53  14770.665    14782.443    14998.118
818  mtMet+F+I+G4  7332.587     54  14773.175    14785.422    15004.919
820  mtMet+F+R3    7324.187     56  14760.374    14773.591    15000.702
829  mtMet+F+I+R3  7324.547     57  14763.094    14776.812    15007.713
839  mtVer+G4      8069.178     34  16206.356    16211.068    16352.269
840  mtVer+I+G4    8068.589     35  16207.178    16212.178    16357.383
842  mtVer+R3      8063.073     37  16200.147    16205.748    16358.935
851  mtVer+I+R3    8061.133     38  16198.266    16204.182    16361.346
861  mtVer+F+G4    7384.308     53  14874.615    14886.393    15102.068
862  mtVer+F+I+G4  7383.984     54  14875.968    14888.216    15107.713
864  mtVer+F+R3    7377.434     56  14866.868    14880.085    15107.196
873  mtVer+F+I+R3  7377.600     57  14869.200    14882.918    15113.819
883  mtInv+G4      8267.222     34  16602.443    16607.156    16748.357
884  mtInv+I+G4    8267.318     35  16604.635    16609.635    16754.840
886  mtInv+R3      8258.026     37  16590.053    16595.655    16748.841
895  mtInv+I+R3    8256.883     38  16589.766    16595.682    16752.846
905  mtInv+F+G4    7303.474     53  14712.949    14724.726    14940.402
906  mtInv+F+I+G4  7303.601     54  14715.202    14727.449    14946.946
908  mtInv+F+R3    7296.262     56  14704.525    14717.742    14944.853
917  mtInv+F+I+R3  7295.818     57  14705.636    14719.354    14950.255
927  mtMAM+G4      8122.428     34  16312.855    16317.568    16458.769
928  mtMAM+I+G4    8122.304     35  16314.607    16319.607    16464.812
930  mtMAM+R3      8126.636     37  16327.273    16332.874    16486.061
939  mtMAM+I+R3    8114.400     38  16304.799    16310.715    16467.879
949  mtMAM+F+G4    7442.978     53  14991.957    15003.735    15219.410
950  mtMAM+F+I+G4  7443.155     54  14994.310    15006.557    15226.054
952  mtMAM+F+R3    7439.868     56  14991.736    15004.954    15232.064
961  mtMAM+F+I+R3  7438.118     57  14990.236    15003.954    15234.855
WARNING: Normalizing state frequencies so that sum of them equals to 1
971  FLAVI+G4      7789.223     34  15646.446    15651.159    15792.360
WARNING: Normalizing state frequencies so that sum of them equals to 1
972  FLAVI+I+G4    7787.692     35  15645.384    15650.384    15795.589
WARNING: Normalizing state frequencies so that sum of them equals to 1
974  FLAVI+R3      7780.197     37  15634.394    15639.996    15793.182
WARNING: Normalizing state frequencies so that sum of them equals to 1
983  FLAVI+I+R3    7775.950     38  15627.901    15633.817    15790.981
WARNING: Normalizing state frequencies so that sum of them equals to 1
993  FLAVI+F+G4    7499.555     53  15105.110    15116.887    15332.563
WARNING: Normalizing state frequencies so that sum of them equals to 1
994  FLAVI+F+I+G4  7497.214     54  15102.427    15114.675    15334.172
WARNING: Normalizing state frequencies so that sum of them equals to 1
996  FLAVI+F+R3    7491.460     56  15094.919    15108.137    15335.247
WARNING: Normalizing state frequencies so that sum of them equals to 1
1005  FLAVI+F+I+R3  7488.238     57  15090.477    15104.195    15335.096
1015  HIVb+G4       7670.603     34  15409.206    15413.918    15555.119
1016  HIVb+I+G4     7669.320     35  15408.641    15413.641    15558.846
1018  HIVb+R3       7662.549     37  15399.097    15404.699    15557.885
1027  HIVb+I+R3     7659.264     38  15394.528    15400.445    15557.608
1037  HIVb+F+G4     7422.993     53  14951.987    14963.764    15179.440
1038  HIVb+F+I+G4   7421.785     54  14951.570    14963.817    15183.315
1040  HIVb+F+R3     7414.846     56  14941.692    14954.909    15182.019
1049  HIVb+F+I+R3   7413.001     57  14940.003    14953.721    15184.622
1059  HIVw+G4       8116.967     34  16301.934    16306.647    16447.847
1060  HIVw+I+G4     8116.116     35  16302.231    16307.231    16452.436
1062  HIVw+R3       8110.767     37  16295.533    16301.135    16454.321
1071  HIVw+I+R3     8106.976     38  16289.951    16295.867    16453.031
1081  HIVw+F+G4     7641.822     53  15389.644    15401.422    15617.097
1082  HIVw+F+I+G4   7640.860     54  15389.719    15401.967    15621.464
1084  HIVw+F+R3     7636.782     56  15385.563    15398.781    15625.891
1093  HIVw+F+I+R3   7633.532     57  15381.063    15394.781    15625.683
1103  FLU+G4        7791.027     34  15650.053    15654.766    15795.967
1104  FLU+I+G4      7790.340     35  15650.679    15655.679    15800.884
1106  FLU+R3        7782.961     37  15639.921    15645.523    15798.709
1115  FLU+I+R3      7781.021     38  15638.042    15643.958    15801.121
1125  FLU+F+G4      7369.296     53  14844.591    14856.369    15072.045
1126  FLU+F+I+G4    7368.815     54  14845.629    14857.877    15077.374
1128  FLU+F+R3      7360.997     56  14833.994    14847.211    15074.321
1137  FLU+F+I+R3    7361.497     57  14836.994    14850.712    15081.613
1147  rtREV+G4      7606.633     34  15281.267    15285.980    15427.180
1148  rtREV+I+G4    7606.866     35  15283.732    15288.732    15433.937
1150  rtREV+R3      7600.600     37  15275.200    15280.801    15433.988
1159  rtREV+I+R3    7600.245     38  15276.490    15282.406    15439.570
1169  rtREV+F+G4    7266.031     53  14638.062    14649.839    14865.515
1170  rtREV+F+I+G4  7266.165     54  14640.331    14652.578    14872.076
1172  rtREV+F+R3    7259.822     56  14631.645    14644.862    14871.973
1181  rtREV+F+I+R3  7259.882     57  14633.763    14647.481    14878.383
1191  cpREV+G4      7567.056     34  15202.111    15206.824    15348.024
1192  cpREV+I+G4    7567.264     35  15204.527    15209.527    15354.732
1194  cpREV+R3      7561.732     37  15197.464    15203.066    15356.252
1203  cpREV+I+R3    7560.726     38  15197.452    15203.368    15360.532
1213  cpREV+F+G4    7276.067     53  14658.135    14669.913    14885.588
1214  cpREV+F+I+G4  7276.079     54  14660.158    14672.405    14891.903
1216  cpREV+F+R3    7270.932     56  14653.864    14667.081    14894.192
1225  cpREV+F+I+R3  7270.695     57  14655.390    14669.108    14900.009
Akaike Information Criterion:           LG+F+R3
Corrected Akaike Information Criterion: LG+F+R3
Bayesian Information Criterion:         LG+F+G4
Best-fit model: LG+F+G4 chosen according to BIC

All model information printed to assets/data/Figure_7/msa/TIGR03997_with_reference/core_BGC_concat_clean.fasta.model.gz
CPU time for ModelFinder: 168.604 seconds (0h:2m:48s)
Wall-clock time for ModelFinder: 168.804 seconds (0h:2m:48s)

NOTE: 4 MB RAM (0 GB) is required!
Estimate model parameters (epsilon = 0.100)
1. Initial log-likelihood: -7238.197
Optimal log-likelihood: -7238.197
Gamma shape alpha: 0.846
Parameters optimization took 1 rounds (0.051 sec)
Wrote distance file to... 
Computing ML distances based on estimated model parameters...
Calculating distance matrix: done in 0.0324364 secs using 99.97% CPU
Computing ML distances took 0.032526 sec (of wall-clock time) 0.032522 sec (of CPU time)
Setting up auxiliary I and S matrices: done in 3.4384e-05 secs using 6407% CPU
Constructing RapidNJ tree: done in 9.0718e-05 secs using 99.21% CPU
Computing RapidNJ tree took 0.000162 sec (of wall-clock time) 0.002330 sec (of CPU time)
Log-likelihood of RapidNJ tree: -7238.419
--------------------------------------------------------------------
|             INITIALIZING CANDIDATE TREE SET                      |
--------------------------------------------------------------------
Generating 98 parsimony trees... 0.153 second
Computing log-likelihood of 98 initial trees ... 1.649 seconds
Current best score: -7238.197

Do NNI search on 20 best initial trees
Optimizing NNI: done in 0.127262 secs using 100% CPU
Estimate model parameters (epsilon = 0.100)
BETTER TREE FOUND at iteration 1: -7236.538
Optimizing NNI: done in 0.132666 secs using 99.95% CPU
Estimate model parameters (epsilon = 0.100)
BETTER TREE FOUND at iteration 2: -7236.235
Optimizing NNI: done in 0.109485 secs using 100% CPU
Optimizing NNI: done in 0.206172 secs using 100% CPU
Optimizing NNI: done in 0.14576 secs using 99.96% CPU
Optimizing NNI: done in 0.194181 secs using 99.97% CPU
Optimizing NNI: done in 0.251555 secs using 96.77% CPU
Optimizing NNI: done in 0.319223 secs using 98.71% CPU
Optimizing NNI: done in 0.199654 secs using 99.98% CPU
Optimizing NNI: done in 0.195768 secs using 99.98% CPU
Iteration 10 / LogL: -7236.754 / Time: 0h:0m:4s
Optimizing NNI: done in 0.216765 secs using 99.98% CPU
Optimizing NNI: done in 0.249076 secs using 98.25% CPU
Optimizing NNI: done in 0.216858 secs using 99.99% CPU
Optimizing NNI: done in 0.219698 secs using 99.97% CPU
Optimizing NNI: done in 0.209192 secs using 98.08% CPU
Optimizing NNI: done in 0.244737 secs using 98.3% CPU
Optimizing NNI: done in 0.397815 secs using 99.98% CPU
Optimizing NNI: done in 0.253595 secs using 100% CPU
Optimizing NNI: done in 0.220271 secs using 99.95% CPU
Optimizing NNI: done in 0.175279 secs using 100% CPU
Iteration 20 / LogL: -7236.382 / Time: 0h:0m:6s
Finish initializing candidate tree set (2)
Current best tree score: -7236.235 / CPU time: 6.299
Number of iterations: 20
--------------------------------------------------------------------
|               OPTIMIZING CANDIDATE TREE SET                      |
--------------------------------------------------------------------
Optimizing NNI: done in 0.224895 secs using 100% CPU
Optimizing NNI: done in 0.365004 secs using 99.99% CPU
Optimizing NNI: done in 0.299006 secs using 99.99% CPU
Optimizing NNI: done in 0.205769 secs using 100% CPU
Optimizing NNI: done in 0.226035 secs using 98.22% CPU
Optimizing NNI: done in 0.161368 secs using 99.99% CPU
Optimizing NNI: done in 0.277691 secs using 99.99% CPU
Optimizing NNI: done in 0.197913 secs using 100% CPU
Optimizing NNI: done in 0.309233 secs using 99.98% CPU
Optimizing NNI: done in 0.391544 secs using 99.99% CPU
Iteration 30 / LogL: -7236.267 / Time: 0h:0m:9s (0h:0m:22s left)
Optimizing NNI: done in 0.322685 secs using 100% CPU
Optimizing NNI: done in 0.379278 secs using 99.99% CPU
Optimizing NNI: done in 0.17518 secs using 99.99% CPU
Optimizing NNI: done in 0.304581 secs using 99.97% CPU
Optimizing NNI: done in 0.359403 secs using 99.99% CPU
Optimizing NNI: done in 0.378421 secs using 99.99% CPU
Optimizing NNI: done in 0.210177 secs using 99.94% CPU
Optimizing NNI: done in 0.331119 secs using 99.99% CPU
Optimizing NNI: done in 0.263361 secs using 99.99% CPU
Optimizing NNI: done in 0.21624 secs using 99.99% CPU
Iteration 40 / LogL: -7236.549 / Time: 0h:0m:12s (0h:0m:19s left)
Optimizing NNI: done in 0.194153 secs using 99.92% CPU
Optimizing NNI: done in 0.307864 secs using 100% CPU
Optimizing NNI: done in 0.212314 secs using 99.98% CPU
Optimizing NNI: done in 0.277722 secs using 99.99% CPU
Optimizing NNI: done in 0.328664 secs using 99.96% CPU
Optimizing NNI: done in 0.23841 secs using 98.31% CPU
Optimizing NNI: done in 0.212123 secs using 99.99% CPU
Optimizing NNI: done in 0.44177 secs using 99.97% CPU
Optimizing NNI: done in 0.201501 secs using 100% CPU
Optimizing NNI: done in 0.218818 secs using 99.98% CPU
Iteration 50 / LogL: -7236.784 / Time: 0h:0m:14s (0h:0m:15s left)
Optimizing NNI: done in 0.517016 secs using 99.99% CPU
Optimizing NNI: done in 0.3242 secs using 99.98% CPU
Optimizing NNI: done in 0.30017 secs using 99.98% CPU
Optimizing NNI: done in 0.242875 secs using 98.33% CPU
Optimizing NNI: done in 0.152634 secs using 99.98% CPU
Optimizing NNI: done in 0.179289 secs using 100% CPU
Optimizing NNI: done in 0.233544 secs using 99.98% CPU
Optimizing NNI: done in 0.202911 secs using 100% CPU
Optimizing NNI: done in 0.190856 secs using 99.98% CPU
Optimizing NNI: done in 0.225756 secs using 100% CPU
Iteration 60 / LogL: -7271.039 / Time: 0h:0m:17s (0h:0m:12s left)
Optimizing NNI: done in 0.372339 secs using 99.98% CPU
Optimizing NNI: done in 0.223549 secs using 99.99% CPU
Optimizing NNI: done in 0.185383 secs using 99.95% CPU
Optimizing NNI: done in 0.335735 secs using 99.95% CPU
Optimizing NNI: done in 0.326928 secs using 99.99% CPU
Optimizing NNI: done in 0.189843 secs using 99.98% CPU
Optimizing NNI: done in 0.287489 secs using 99.96% CPU
Optimizing NNI: done in 0.208476 secs using 100% CPU
Optimizing NNI: done in 0.138331 secs using 99.97% CPU
Optimizing NNI: done in 0.299306 secs using 100% CPU
Iteration 70 / LogL: -7270.861 / Time: 0h:0m:20s (0h:0m:9s left)
Optimizing NNI: done in 0.377467 secs using 99.98% CPU
Optimizing NNI: done in 0.278529 secs using 99.99% CPU
Optimizing NNI: done in 0.218655 secs using 100% CPU
Optimizing NNI: done in 0.329207 secs using 98.77% CPU
Optimizing NNI: done in 0.268267 secs using 100% CPU
Optimizing NNI: done in 0.188626 secs using 99.98% CPU
Optimizing NNI: done in 0.407828 secs using 99.01% CPU
Optimizing NNI: done in 0.214138 secs using 99.99% CPU
Optimizing NNI: done in 0.198399 secs using 100% CPU
Optimizing NNI: done in 0.264452 secs using 96.92% CPU
Iteration 80 / LogL: -7270.445 / Time: 0h:0m:22s (0h:0m:6s left)
Optimizing NNI: done in 0.208192 secs using 99.96% CPU
Optimizing NNI: done in 0.273431 secs using 99.95% CPU
Optimizing NNI: done in 0.233683 secs using 99.97% CPU
Optimizing NNI: done in 0.260776 secs using 98.44% CPU
Optimizing NNI: done in 0.141565 secs using 99.99% CPU
Optimizing NNI: done in 0.282114 secs using 99.98% CPU
Optimizing NNI: done in 0.271113 secs using 99.98% CPU
Optimizing NNI: done in 0.278203 secs using 99.98% CPU
Optimizing NNI: done in 0.345925 secs using 99.99% CPU
Optimizing NNI: done in 0.330119 secs using 99.99% CPU
Iteration 90 / LogL: -7237.182 / Time: 0h:0m:25s (0h:0m:3s left)
Optimizing NNI: done in 0.327686 secs using 99.99% CPU
Optimizing NNI: done in 0.288071 secs using 99.97% CPU
Optimizing NNI: done in 0.330924 secs using 98.79% CPU
Optimizing NNI: done in 0.265143 secs using 99.98% CPU
Optimizing NNI: done in 0.327828 secs using 100% CPU
Optimizing NNI: done in 0.451885 secs using 99.99% CPU
Optimizing NNI: done in 0.282235 secs using 99.99% CPU
Optimizing NNI: done in 0.294659 secs using 100% CPU
Optimizing NNI: done in 0.277921 secs using 100% CPU
Optimizing NNI: done in 0.336583 secs using 99.98% CPU
Iteration 100 / LogL: -7236.630 / Time: 0h:0m:28s (0h:0m:0s left)
Optimizing NNI: done in 0.295356 secs using 100% CPU
Optimizing NNI: done in 0.464164 secs using 99.98% CPU
Optimizing NNI: done in 0.362447 secs using 99.99% CPU
TREE SEARCH COMPLETED AFTER 103 ITERATIONS / Time: 0h:0m:29s

--------------------------------------------------------------------
|                    FINALIZING TREE SEARCH                        |
--------------------------------------------------------------------
Performs final model parameters optimization
Estimate model parameters (epsilon = 0.010)
1. Initial log-likelihood: -7236.235
Optimal log-likelihood: -7236.235
Gamma shape alpha: 0.855
Parameters optimization took 1 rounds (0.056 sec)
BEST SCORE FOUND : -7236.235
Total tree length: 4.061

Total number of iterations: 103
CPU time used for tree search: 29.694 sec (0h:0m:29s)
Wall-clock time used for tree search: 29.774 sec (0h:0m:29s)
Total CPU time used: 29.932 sec (0h:0m:29s)
Total wall-clock time used: 30.009 sec (0h:0m:30s)

Analysis results written to: 
  IQ-TREE report:                assets/data/Figure_7/msa/TIGR03997_with_reference/core_BGC_concat_clean.fasta.iqtree
  Maximum-likelihood tree:       assets/data/Figure_7/msa/TIGR03997_with_reference/core_BGC_concat_clean.fasta.treefile
  Likelihood distances:          assets/data/Figure_7/msa/TIGR03997_with_reference/core_BGC_concat_clean.fasta.mldist
  Screen log file:               assets/data/Figure_7/msa/TIGR03997_with_reference/core_BGC_concat_clean.fasta.log

Date and Time: Mon Jun 12 06:18:59 2023
